<?xml version="1.0" encoding="UTF-8"?>
<!-- Generated by org.testng.reporters.JUnitReportReporter -->
<testsuite skipped="0" hostname="DESKTOP-1J7MGPJ" name="OpenBrowser" tests="1" failures="0" timestamp="06 Jun 2019 10:57:26 GMT" time="14.870" errors="0">
  <testcase name="openBrowser" time="14.870" classname="OpenBrowser"/>
</testsuite> <!-- OpenBrowser -->
